<?xml version="1.0" encoding="UTF-8"?>
<testsuite errors="0" failures="0" hostname="jarle-hansens-macbook-pro.local" name="net.jarlehansen.proto2javame.generated.sourcecode.tests.GenerateObjectTest" tests="1" time="0.0070" timestamp="2010-09-04T19:37:40">
  <properties />
  <testcase classname="net.jarlehansen.proto2javame.generated.sourcecode.tests.GenerateObjectTest" name="testGenerateObject" time="0.0020" />
  <system-out><![CDATA[Starting protobuf-javame code generation, Sat Sep 04 21:37:40 CEST 2010
SUCCESS! Created the java-object(s): 
	-> JunitTestMainObject

FINISHED, time used: 2ms
]]></system-out>
  <system-err><![CDATA[]]></system-err>
</testsuite>
