<?xml version="1.0" encoding="UTF-8"?>
<testsuite errors="0" failures="0" hostname="jarle-hansens-macbook-pro.local" name="net.jarlehansen.proto2javame.generated.sourcecode.tests.bytearray.ProtobufSerializationTest" tests="3" time="0.06" timestamp="2010-09-04T19:37:40">
  <properties />
  <testcase classname="net.jarlehansen.proto2javame.generated.sourcecode.tests.bytearray.ProtobufSerializationTest" name="testProtobufSerializationAndDeserializationRequiredFields" time="0.041" />
  <testcase classname="net.jarlehansen.proto2javame.generated.sourcecode.tests.bytearray.ProtobufSerializationTest" name="testProtobufSerializationAndDeserializationRequiredAndOptionalFields" time="0.0010" />
  <testcase classname="net.jarlehansen.proto2javame.generated.sourcecode.tests.bytearray.ProtobufSerializationTest" name="testProtobufSerializationAndDeserializationAllFields" time="0.0030" />
  <system-out><![CDATA[]]></system-out>
  <system-err><![CDATA[]]></system-err>
</testsuite>
