<?xml version="1.0" encoding="UTF-8"?>
<testsuite errors="0" failures="0" hostname="jarle-hansens-macbook-pro.local" name="net.jarlehansen.proto2javame.business.sourcebuilder.JavaSourceCodeBuilderImplTest" tests="3" time="0.016" timestamp="2010-09-04T19:37:40">
  <properties />
  <testcase classname="net.jarlehansen.proto2javame.business.sourcebuilder.JavaSourceCodeBuilderImplTest" name="testCreateJavaSourceCode" time="0.0070" />
  <testcase classname="net.jarlehansen.proto2javame.business.sourcebuilder.JavaSourceCodeBuilderImplTest" name="testCreateJavaSourceCodeAssertClassName" time="0.0020" />
  <testcase classname="net.jarlehansen.proto2javame.business.sourcebuilder.JavaSourceCodeBuilderImplTest" name="testCreateJavaSourceCodeAssertSource" time="0.0010" />
  <system-out><![CDATA[]]></system-out>
  <system-err><![CDATA[]]></system-err>
</testsuite>
