<?xml version="1.0" encoding="UTF-8"?>
<testsuite errors="0" failures="0" hostname="jarle-hansens-macbook-pro.local" name="net.jarlehansen.proto2javame.generated.sourcecode.tests.stream.ReadAndWriteStreamTest" tests="4" time="0.034" timestamp="2010-09-04T19:37:40">
  <properties />
  <testcase classname="net.jarlehansen.proto2javame.generated.sourcecode.tests.stream.ReadAndWriteStreamTest" name="testWriteToOutputStreamValidInput" time="0.0" />
  <testcase classname="net.jarlehansen.proto2javame.generated.sourcecode.tests.stream.ReadAndWriteStreamTest" name="testWriteToOutputStreamInvalidInput" time="0.0090" />
  <testcase classname="net.jarlehansen.proto2javame.generated.sourcecode.tests.stream.ReadAndWriteStreamTest" name="testParseFromInputStreamValidInput" time="0.0010" />
  <testcase classname="net.jarlehansen.proto2javame.generated.sourcecode.tests.stream.ReadAndWriteStreamTest" name="testParseFromInputStreamInvalidInput" time="0.0030" />
  <system-out><![CDATA[net.jarlehansen.proto2javame.generated.sourcecode.tests.stream.ReadAndWriteStreamTest - The file src/test/generated/txt/GeneratedTextFile.txt was delete? true
net.jarlehansen.proto2javame.generated.sourcecode.tests.stream.ReadAndWriteStreamTest - The file src/test/generated/txt/GeneratedTextFile.txt was delete? true
]]></system-out>
  <system-err><![CDATA[]]></system-err>
</testsuite>
