<?xml version="1.0" encoding="UTF-8"?>
<testsuite errors="0" failures="0" hostname="jarle-hansens-macbook-pro.local" name="net.jarlehansen.proto2javame.generated.sourcecode.tests.GenerateLargeObjectTest" tests="1" time="0.023" timestamp="2010-09-04T19:37:40">
  <properties />
  <testcase classname="net.jarlehansen.proto2javame.generated.sourcecode.tests.GenerateLargeObjectTest" name="testGenerateObject" time="0.015" />
  <system-out><![CDATA[Starting protobuf-javame code generation, Sat Sep 04 21:37:40 CEST 2010
SUCCESS! Created the java-object(s): 
	-> JunitTestLargeObject

FINISHED, time used: 14ms
]]></system-out>
  <system-err><![CDATA[]]></system-err>
</testsuite>
