<?xml version="1.0" encoding="UTF-8"?>
<testsuite errors="0" failures="0" hostname="jarle-hansens-macbook-pro.local" name="net.jarlehansen.proto2javame.business.sourcebuilder.resource.ResourceFormatUtilTest" tests="7" time="0.017" timestamp="2010-09-04T19:37:40">
  <properties />
  <testcase classname="net.jarlehansen.proto2javame.business.sourcebuilder.resource.ResourceFormatUtilTest" name="testGetStringValidInput" time="0.0" />
  <testcase classname="net.jarlehansen.proto2javame.business.sourcebuilder.resource.ResourceFormatUtilTest" name="tesGetStringInvalidInput" time="0.0" />
  <testcase classname="net.jarlehansen.proto2javame.business.sourcebuilder.resource.ResourceFormatUtilTest" name="testGetStringVarArgsValidInput" time="0.0" />
  <testcase classname="net.jarlehansen.proto2javame.business.sourcebuilder.resource.ResourceFormatUtilTest" name="testGetStringVarArgsInvalidInput" time="0.0010" />
  <testcase classname="net.jarlehansen.proto2javame.business.sourcebuilder.resource.ResourceFormatUtilTest" name="testLineSeparatorWindows" time="0.0020" />
  <testcase classname="net.jarlehansen.proto2javame.business.sourcebuilder.resource.ResourceFormatUtilTest" name="testLineSeparatorUnix" time="0.0" />
  <testcase classname="net.jarlehansen.proto2javame.business.sourcebuilder.resource.ResourceFormatUtilTest" name="testLineSeparatorOSX" time="0.0050" />
  <system-out><![CDATA[]]></system-out>
  <system-err><![CDATA[]]></system-err>
</testsuite>
