<?xml version="1.0" encoding="UTF-8"?>
<testsuite errors="0" failures="0" hostname="jarle-hansens-macbook-pro.local" name="net.jarlehansen.proto2javame.generated.sourcecode.tests.delimited.ReadAndWriteDelimitedTest" tests="2" time="0.145" timestamp="2010-09-04T19:37:40">
  <properties />
  <testcase classname="net.jarlehansen.proto2javame.generated.sourcecode.tests.delimited.ReadAndWriteDelimitedTest" name="testWriteDelimitedToAllFields" time="0.139" />
  <testcase classname="net.jarlehansen.proto2javame.generated.sourcecode.tests.delimited.ReadAndWriteDelimitedTest" name="testParseDelimitedToInvalidStream" time="0.0010" />
  <system-out><![CDATA[]]></system-out>
  <system-err><![CDATA[]]></system-err>
</testsuite>
