<?xml version="1.0" encoding="UTF-8"?>
<testsuite errors="0" failures="0" hostname="jarle-hansens-macbook-pro.local" name="net.jarlehansen.proto2javame.Proto2JavaMeTest" tests="2" time="0.433" timestamp="2010-09-04T19:37:39">
  <properties />
  <testcase classname="net.jarlehansen.proto2javame.Proto2JavaMeTest" name="testMainValidInput" time="0.376" />
  <testcase classname="net.jarlehansen.proto2javame.Proto2JavaMeTest" name="testMainInvalidInput" time="0.0010" />
  <system-out><![CDATA[net.jarlehansen.proto2javame.Proto2JavaMeTest - The file src/test/generated/net/jarlehansen/protobuf/javame/generated/JunitTestObject.java was delete? true
Starting protobuf-javame code generation, Sat Sep 04 21:37:40 CEST 2010
SUCCESS! Created the java-object(s): 
	-> JunitTestObject

FINISHED, time used: 362ms
net.jarlehansen.proto2javame.Proto2JavaMeTest - The file src/test/generated/net/jarlehansen/protobuf/javame/generated/JunitTestObject.java was delete? true
Starting protobuf-javame code generation, Sat Sep 04 21:37:40 CEST 2010

FINISHED, time used: 0ms
]]></system-out>
  <system-err><![CDATA[Error: The number of input parameters must be 2, it was: 1. Values: []. Valid syntax: --java_out=/path/to/dir path/to/protoFile.proto
]]></system-err>
</testsuite>
