<?xml version="1.0" encoding="UTF-8"?>
<testsuite errors="0" failures="0" hostname="jarle-hansens-macbook-pro.local" name="net.jarlehansen.proto2javame.business.generator.factory.MetaDataFactoryTest" tests="8" time="0.021" timestamp="2010-09-04T19:37:40">
  <properties />
  <testcase classname="net.jarlehansen.proto2javame.business.generator.factory.MetaDataFactoryTest" name="testCreateInputMetaDataVoValidInput" time="0.0010" />
  <testcase classname="net.jarlehansen.proto2javame.business.generator.factory.MetaDataFactoryTest" name="testCreateInputMetaDataVoMissingJavaOut" time="0.0" />
  <testcase classname="net.jarlehansen.proto2javame.business.generator.factory.MetaDataFactoryTest" name="testCreateInputMetaDataVoMissingProtoLocation" time="0.0" />
  <testcase classname="net.jarlehansen.proto2javame.business.generator.factory.MetaDataFactoryTest" name="testCreateInputMetaDataVoMissingJavaOutTag" time="0.0" />
  <testcase classname="net.jarlehansen.proto2javame.business.generator.factory.MetaDataFactoryTest" name="testCreateInputMetaDataVoInvalidDestinationDirectory" time="0.0" />
  <testcase classname="net.jarlehansen.proto2javame.business.generator.factory.MetaDataFactoryTest" name="testCreateInputMetaDataVoInvalidProtoLocation" time="0.0020" />
  <testcase classname="net.jarlehansen.proto2javame.business.generator.factory.MetaDataFactoryTest" name="testCreateInputMetaDataVoInalidInput" time="0.0020" />
  <testcase classname="net.jarlehansen.proto2javame.business.generator.factory.MetaDataFactoryTest" name="testCreateInputMetaDataVoInvalidNumberOfParameters" time="0.0010" />
  <system-out><![CDATA[]]></system-out>
  <system-err><![CDATA[]]></system-err>
</testsuite>
