<?xml version="1.0" encoding="UTF-8"?>
<testsuite errors="0" failures="0" hostname="jarle-hansens-macbook-pro.local" name="net.jarlehansen.proto2javame.invalid.proto.InvalidProtoFileInputTest" tests="6" time="0.026" timestamp="2010-09-04T19:37:41">
  <properties />
  <testcase classname="net.jarlehansen.proto2javame.invalid.proto.InvalidProtoFileInputTest" name="testInvalidPackage" time="0.0010" />
  <testcase classname="net.jarlehansen.proto2javame.invalid.proto.InvalidProtoFileInputTest" name="testInvalidMessageStart" time="0.0" />
  <testcase classname="net.jarlehansen.proto2javame.invalid.proto.InvalidProtoFileInputTest" name="testInvalidField" time="0.0010" />
  <testcase classname="net.jarlehansen.proto2javame.invalid.proto.InvalidProtoFileInputTest" name="testInvalidMessageEnd" time="0.0" />
  <testcase classname="net.jarlehansen.proto2javame.invalid.proto.InvalidProtoFileInputTest" name="testInvalidFieldId" time="0.0" />
  <testcase classname="net.jarlehansen.proto2javame.invalid.proto.InvalidProtoFileInputTest" name="testInvalidEnumId" time="0.015" />
  <system-out><![CDATA[]]></system-out>
  <system-err><![CDATA[]]></system-err>
</testsuite>
