<?xml version="1.0" encoding="UTF-8"?>
<testsuite errors="0" failures="0" hostname="jarle-hansens-macbook-pro.local" name="net.jarlehansen.proto2javame.protobuf.integration.IntegrationTestsNestedMessages" tests="4" time="0.036" timestamp="2010-09-04T19:37:41">
  <properties />
  <testcase classname="net.jarlehansen.proto2javame.protobuf.integration.IntegrationTestsNestedMessages" name="testIntegrationJavaMe" time="0.019" />
  <testcase classname="net.jarlehansen.proto2javame.protobuf.integration.IntegrationTestsNestedMessages" name="testIntegrationJavaSe" time="0.0" />
  <testcase classname="net.jarlehansen.proto2javame.protobuf.integration.IntegrationTestsNestedMessages" name="testIntegrationListJavaMe" time="0.01" />
  <testcase classname="net.jarlehansen.proto2javame.protobuf.integration.IntegrationTestsNestedMessages" name="testIntegrationListJavaSe" time="0.0010" />
  <system-out><![CDATA[]]></system-out>
  <system-err><![CDATA[]]></system-err>
</testsuite>
