<?xml version="1.0" encoding="UTF-8"?>
<testsuite errors="0" failures="0" hostname="jarle-hansens-macbook-pro.local" name="net.jarlehansen.proto2javame.generated.sourcecode.tests.bytearray.ReadAndWriteLargeByteArrayTest" tests="4" time="0.0060" timestamp="2010-09-04T19:37:40">
  <properties />
  <testcase classname="net.jarlehansen.proto2javame.generated.sourcecode.tests.bytearray.ReadAndWriteLargeByteArrayTest" name="testWriteToNewByteArrayValidRequiredInput" time="0.0" />
  <testcase classname="net.jarlehansen.proto2javame.generated.sourcecode.tests.bytearray.ReadAndWriteLargeByteArrayTest" name="testWriteToNewByteArrayValidRequiredAndOptionalInput" time="0.0010" />
  <testcase classname="net.jarlehansen.proto2javame.generated.sourcecode.tests.bytearray.ReadAndWriteLargeByteArrayTest" name="testWriteToNewByteArrayValidInputAllFields" time="0.0010" />
  <testcase classname="net.jarlehansen.proto2javame.generated.sourcecode.tests.bytearray.ReadAndWriteLargeByteArrayTest" name="testWriteToByteArrayValidInputAllFields" time="0.0010" />
  <system-out><![CDATA[TestObj required fields: net.jarlehansen.proto2javame.generated.sourcecode.tests.tempfiles.JunitTestLargeObject(id = 11415151   number2 = 12312978937548142   name = Jarle Hansen   boolVal = true   amount = 4551.125   floatNum = 1241246.1   byteStringObj = net.jarlehansen.protobuf.javame.ByteString@514f011   idList = []   number2List = []   nameList = []   boolValList = []   amountList = []   floatNumList = []   byteStringObjList = []   )
TestObj required and optional fields: net.jarlehansen.proto2javame.generated.sourcecode.tests.tempfiles.JunitTestLargeObject(id = 11415151   number2 = 12312978937548142   name = Jarle Hansen   boolVal = true   amount = 4551.125   floatNum = 1241246.1   byteStringObj = net.jarlehansen.protobuf.javame.ByteString@514f011   idOptional = 155112   number2Optional = 14184771791   nameOptional = Optional Name   boolValOptional = false   amountOptional = 124124.12417   floatNumOptional = 8.5889122E12   byteStringObjOptional = net.jarlehansen.protobuf.javame.ByteString@f299dd02   idList = []   number2List = []   nameList = []   boolValList = []   amountList = []   floatNumList = []   byteStringObjList = []   )
TestObj required and optional fields: net.jarlehansen.proto2javame.generated.sourcecode.tests.tempfiles.JunitTestLargeObject(id = 11415151   number2 = 12312978937548142   name = Jarle Hansen   boolVal = true   amount = 4551.125   floatNum = 1241246.1   byteStringObj = net.jarlehansen.protobuf.javame.ByteString@514f011   idOptional = 155112   number2Optional = 14184771791   nameOptional = Optional Name   boolValOptional = false   amountOptional = 124124.12417   floatNumOptional = 8.5889122E12   byteStringObjOptional = net.jarlehansen.protobuf.javame.ByteString@f299dd02   idList = [2455, 12515156]   number2List = [189248124781498, 86898927]   nameList = [First Name, Second Name]   boolValList = [false, true]   amountList = [9041241.124124, 9182905.1251]   floatNumList = [1.24901824E8, 8214.124]   byteStringObjList = [net.jarlehansen.protobuf.javame.ByteString@7c131308, net.jarlehansen.protobuf.javame.ByteString@d27b3d54]   )
TestObj required and optional fields: net.jarlehansen.proto2javame.generated.sourcecode.tests.tempfiles.JunitTestLargeObject(id = 11415151   number2 = 12312978937548142   name = Jarle Hansen   boolVal = true   amount = 4551.125   floatNum = 1241246.1   byteStringObj = net.jarlehansen.protobuf.javame.ByteString@514f011   idOptional = 155112   number2Optional = 14184771791   nameOptional = Optional Name   boolValOptional = false   amountOptional = 124124.12417   floatNumOptional = 8.5889122E12   byteStringObjOptional = net.jarlehansen.protobuf.javame.ByteString@f299dd02   idList = [2455, 12515156]   number2List = [189248124781498, 86898927]   nameList = [First Name, Second Name]   boolValList = [false, true]   amountList = [9041241.124124, 9182905.1251]   floatNumList = [1.24901824E8, 8214.124]   byteStringObjList = [net.jarlehansen.protobuf.javame.ByteString@7c131308, net.jarlehansen.protobuf.javame.ByteString@d27b3d54]   )
]]></system-out>
  <system-err><![CDATA[]]></system-err>
</testsuite>
